[0m21:23:20.835921 [debug] [MainThread]: Sending event: {'category': 'dbt', 'action': 'invocation', 'label': 'start', 'context': [<snowplow_tracker.self_describing_json.SelfDescribingJson object at 0x105b27910>, <snowplow_tracker.self_describing_json.SelfDescribingJson object at 0x105b5f490>, <snowplow_tracker.self_describing_json.SelfDescribingJson object at 0x105b6ff90>]}


============================== 21:23:20.839354 | 593a0fbf-85c8-4ec5-b4c8-c0ff0bc406b7 ==============================
[0m21:23:20.839354 [info ] [MainThread]: Running with dbt=1.7.11
[0m21:23:20.839687 [debug] [MainThread]: running dbt with arguments {'printer_width': '80', 'indirect_selection': 'eager', 'log_cache_events': 'False', 'write_json': 'True', 'partial_parse': 'True', 'cache_selected_only': 'False', 'profiles_dir': '/Users/abhiramrishiprattipati/.dbt', 'fail_fast': 'False', 'debug': 'False', 'log_path': 'logs', 'version_check': 'True', 'warn_error': 'None', 'use_colors': 'True', 'use_experimental_parser': 'False', 'no_print': 'None', 'quiet': 'False', 'warn_error_options': 'WarnErrorOptions(include=[], exclude=[])', 'invocation_command': 'dbt init', 'log_format': 'default', 'introspect': 'True', 'target_path': 'None', 'static_parser': 'True', 'send_anonymous_usage_stats': 'True'}
[0m21:23:26.808040 [debug] [MainThread]: Starter project path: /opt/homebrew/lib/python3.11/site-packages/dbt/include/starter_project
[0m21:23:26.822861 [info ] [MainThread]: 
Your new dbt project "custom_postgres" was created!

For more information on how to configure the profiles.yml file,
please consult the dbt documentation here:

  https://docs.getdbt.com/docs/configure-your-profile

One more thing:

Need help? Don't hesitate to reach out to us via GitHub issues or on Slack:

  https://community.getdbt.com/

Happy modeling!

[0m21:23:26.823659 [info ] [MainThread]: Setting up your profile.
[0m21:24:59.040487 [info ] [MainThread]: Profile custom_postgres written to /Users/abhiramrishiprattipati/.dbt/profiles.yml using target's profile_template.yml and your supplied values. Run 'dbt debug' to validate the connection.
[0m21:24:59.043377 [debug] [MainThread]: Resource report: {"command_name": "init", "command_success": true, "command_wall_clock_time": 98.240204, "process_user_time": 0.861098, "process_kernel_time": 0.120827, "process_mem_max_rss": "105660416", "process_in_blocks": "0", "process_out_blocks": "0"}
[0m21:24:59.043951 [debug] [MainThread]: Command `dbt init` succeeded at 21:24:59.043828 after 98.24 seconds
[0m21:24:59.044274 [debug] [MainThread]: Sending event: {'category': 'dbt', 'action': 'invocation', 'label': 'end', 'context': [<snowplow_tracker.self_describing_json.SelfDescribingJson object at 0x1009cda50>, <snowplow_tracker.self_describing_json.SelfDescribingJson object at 0x1054e2250>, <snowplow_tracker.self_describing_json.SelfDescribingJson object at 0x100a3de50>]}
[0m21:24:59.044603 [debug] [MainThread]: Flushing usage events
